<html>
<head>
<title>TestNG:  Running test suite</title>
<link href="../testng.css" rel="stylesheet" type="text/css" />
<link href="../my-testng.css" rel="stylesheet" type="text/css" />

<style type="text/css">
.log { display: none;} 
.stack-trace { display: none;} 
</style>
<script type="text/javascript">
<!--
function flip(e) {
  current = e.style.display;
  if (current == 'block') {
    e.style.display = 'none';
    return 0;
  }
  else {
    e.style.display = 'block';
    return 1;
  }
}

function toggleBox(szDivId, elem, msg1, msg2)
{
  var res = -1;  if (document.getElementById) {
    res = flip(document.getElementById(szDivId));
  }
  else if (document.all) {
    // this is the way old msie versions work
    res = flip(document.all[szDivId]);
  }
  if(elem) {
    if(res == 0) elem.innerHTML = msg1; else elem.innerHTML = msg2;
  }

}

function toggleAllBoxes() {
  if (document.getElementsByTagName) {
    d = document.getElementsByTagName('div');
    for (i = 0; i < d.length; i++) {
      if (d[i].className == 'log') {
        flip(d[i]);
      }
    }
  }
}

// -->
</script>

</head>
<body>
<h2 align='center'>Running test suite</h2><table border='1' align="center">
<tr>
<td>Tests passed/Failed/Skipped:</td><td>20/2/0</td>
</tr><tr>
<td>Started on:</td><td>Mon May 31 09:52:36 EDT 2021</td>
</tr>
<tr><td>Total time:</td><td>38 seconds (38937 ms)</td>
</tr><tr>
<td>Included groups:</td><td></td>
</tr><tr>
<td>Excluded groups:</td><td></td>
</tr>
</table><p/>
<small><i>(Hover the method name to see the test class name)</i></small><p/>
<table width='100%' border='1' class='invocation-failed'>
<tr><td colspan='4' align='center'><b>FAILED TESTS</b></td></tr>
<tr><td><b>Test method</b></td>
<td width="30%"><b>Exception</b></td>
<td width="10%"><b>Time (seconds)</b></td>
<td><b>Instance</b></td>
</tr>
<tr>
<td title='TestNGSessions.TestNGBasics.getTitleTest()'><b>getTitleTest</b><br>Test class: TestNGSessions.TestNGBasics</td>
<td><div><pre>java.lang.ArithmeticException: / by zero
	at TestNGSessions.TestNGBasics.getTitleTest(TestNGBasics.java:84)
... Removed 25 stack frames</pre></div><a href='#' onClick='toggleBox("stack-trace1270383967", this, "Click to show all stack frames", "Click to hide stack frames")'>Click to show all stack frames</a>
<div class='stack-trace' id='stack-trace1270383967'><pre>java.lang.ArithmeticException: / by zero
	at TestNGSessions.TestNGBasics.getTitleTest(TestNGBasics.java:84)
	at java.base/jdk.internal.reflect.NativeMethodAccessorImpl.invoke0(Native Method)
	at java.base/jdk.internal.reflect.NativeMethodAccessorImpl.invoke(NativeMethodAccessorImpl.java:64)
	at java.base/jdk.internal.reflect.DelegatingMethodAccessorImpl.invoke(DelegatingMethodAccessorImpl.java:43)
	at java.base/java.lang.reflect.Method.invoke(Method.java:564)
	at org.testng.internal.MethodInvocationHelper.invokeMethod(MethodInvocationHelper.java:124)
	at org.testng.internal.Invoker.invokeMethod(Invoker.java:583)
	at org.testng.internal.Invoker.invokeTestMethod(Invoker.java:719)
	at org.testng.internal.Invoker.invokeTestMethods(Invoker.java:989)
	at org.testng.internal.TestMethodWorker.invokeTestMethods(TestMethodWorker.java:125)
	at org.testng.internal.TestMethodWorker.run(TestMethodWorker.java:109)
	at org.testng.TestRunner.privateRun(TestRunner.java:648)
	at org.testng.TestRunner.run(TestRunner.java:505)
	at org.testng.SuiteRunner.runTest(SuiteRunner.java:455)
	at org.testng.SuiteRunner.runSequentially(SuiteRunner.java:450)
	at org.testng.SuiteRunner.privateRun(SuiteRunner.java:415)
	at org.testng.SuiteRunner.run(SuiteRunner.java:364)
	at org.testng.SuiteRunnerWorker.runSuite(SuiteRunnerWorker.java:52)
	at org.testng.SuiteRunnerWorker.run(SuiteRunnerWorker.java:84)
	at org.testng.TestNG.runSuitesSequentially(TestNG.java:1208)
	at org.testng.TestNG.runSuitesLocally(TestNG.java:1137)
	at org.testng.TestNG.runSuites(TestNG.java:1049)
	at org.testng.TestNG.run(TestNG.java:1017)
	at org.testng.remote.AbstractRemoteTestNG.run(AbstractRemoteTestNG.java:115)
	at org.testng.remote.RemoteTestNG.initAndRun(RemoteTestNG.java:251)
	at org.testng.remote.RemoteTestNG.main(RemoteTestNG.java:77)
</pre></div></td>
<td>0</td>
<td>TestNGSessions.TestNGBasics@3e96bacf</td></tr>
<tr>
<td title='TestNGSessions.TEKsystemsTitleTest.tekLogoTest()'><b>tekLogoTest</b><br>Test class: TestNGSessions.TEKsystemsTitleTest</td>
<td><div><pre>org.openqa.selenium.NoSuchElementException: no such element: Unable to locate element: {&quot;method&quot;:&quot;css selector&quot;,&quot;selector&quot;:&quot;.navbar\-brands&quot;}
  (Session info: chrome=90.0.4430.212)
For documentation on this error, please visit: https://www.seleniumhq.org/exceptions/no_such_element.html
Build info: version: &apos;3.141.59&apos;, revision: &apos;e82be7d358&apos;, time: &apos;2018-11-14T08:17:03&apos;
System info: host: &apos;AGC02S87JLG8WN&apos;, ip: &apos;fe80:0:0:0:84c:d715:a1fa:b0d7%en0&apos;, os.name: &apos;Mac OS X&apos;, os.arch: &apos;x86_64&apos;, os.version: &apos;10.16&apos;, java.version: &apos;15.0.2&apos;
Driver info: org.openqa.selenium.chrome.ChromeDriver
Capabilities {acceptInsecureCerts: false, browserName: chrome, browserVersion: 90.0.4430.212, chrome: {chromedriverVersion: 90.0.4430.24 (4c6d850f087da..., userDataDir: /var/folders/9d/w9xwj7n516n...}, goog:chromeOptions: {debuggerAddress: localhost:58564}, javascriptEnabled: true, networkConnectionEnabled: false, pageLoadStrategy: normal, platform: MAC, platformName: MAC, proxy: Proxy(), setWindowRect: true, strictFileInteractability: false, timeouts: {implicit: 0, pageLoad: 300000, script: 30000}, unhandledPromptBehavior: dismiss and notify, webauthn:extension:largeBlob: true, webauthn:virtualAuthenticators: true}
Session ID: 5c603b91ca1052b5c0c0d8ec1d2539f0
*** Element info: {Using=class name, value=navbar-brands}
	at org.openqa.selenium.remote.http.W3CHttpResponseCodec.createException(W3CHttpResponseCodec.java:187)
	at org.openqa.selenium.remote.http.W3CHttpResponseCodec.decode(W3CHttpResponseCodec.java:122)
	at org.openqa.selenium.remote.http.W3CHttpResponseCodec.decode(W3CHttpResponseCodec.java:49)
	at org.openqa.selenium.remote.HttpCommandExecutor.execute(HttpCommandExecutor.java:158)
	at org.openqa.selenium.remote.service.DriverCommandExecutor.execute(DriverCommandExecutor.java:83)
	at org.openqa.selenium.remote.RemoteWebDriver.execute(RemoteWebDriver.java:552)
	at org.openqa.selenium.remote.RemoteWebDriver.findElement(RemoteWebDriver.java:323)
	at org.openqa.selenium.remote.RemoteWebDriver.findElementByClassName(RemoteWebDriver.java:412)
	at org.openqa.selenium.By$ByClassName.findElement(By.java:389)
	at org.openqa.selenium.remote.RemoteWebDriver.findElement(RemoteWebDriver.java:315)
	at TestNGSessions.TEKsystemsTitleTest.tekLogoTest(TEKsystemsTitleTest.java:41)
... Removed 30 stack frames</pre></div><a href='#' onClick='toggleBox("stack-trace1701436909", this, "Click to show all stack frames", "Click to hide stack frames")'>Click to show all stack frames</a>
<div class='stack-trace' id='stack-trace1701436909'><pre>org.openqa.selenium.NoSuchElementException: no such element: Unable to locate element: {&quot;method&quot;:&quot;css selector&quot;,&quot;selector&quot;:&quot;.navbar\-brands&quot;}
  (Session info: chrome=90.0.4430.212)
For documentation on this error, please visit: https://www.seleniumhq.org/exceptions/no_such_element.html
Build info: version: &apos;3.141.59&apos;, revision: &apos;e82be7d358&apos;, time: &apos;2018-11-14T08:17:03&apos;
System info: host: &apos;AGC02S87JLG8WN&apos;, ip: &apos;fe80:0:0:0:84c:d715:a1fa:b0d7%en0&apos;, os.name: &apos;Mac OS X&apos;, os.arch: &apos;x86_64&apos;, os.version: &apos;10.16&apos;, java.version: &apos;15.0.2&apos;
Driver info: org.openqa.selenium.chrome.ChromeDriver
Capabilities {acceptInsecureCerts: false, browserName: chrome, browserVersion: 90.0.4430.212, chrome: {chromedriverVersion: 90.0.4430.24 (4c6d850f087da..., userDataDir: /var/folders/9d/w9xwj7n516n...}, goog:chromeOptions: {debuggerAddress: localhost:58564}, javascriptEnabled: true, networkConnectionEnabled: false, pageLoadStrategy: normal, platform: MAC, platformName: MAC, proxy: Proxy(), setWindowRect: true, strictFileInteractability: false, timeouts: {implicit: 0, pageLoad: 300000, script: 30000}, unhandledPromptBehavior: dismiss and notify, webauthn:extension:largeBlob: true, webauthn:virtualAuthenticators: true}
Session ID: 5c603b91ca1052b5c0c0d8ec1d2539f0
*** Element info: {Using=class name, value=navbar-brands}
	at java.base/jdk.internal.reflect.NativeConstructorAccessorImpl.newInstance0(Native Method)
	at java.base/jdk.internal.reflect.NativeConstructorAccessorImpl.newInstance(NativeConstructorAccessorImpl.java:64)
	at java.base/jdk.internal.reflect.DelegatingConstructorAccessorImpl.newInstance(DelegatingConstructorAccessorImpl.java:45)
	at java.base/java.lang.reflect.Constructor.newInstanceWithCaller(Constructor.java:500)
	at java.base/java.lang.reflect.Constructor.newInstance(Constructor.java:481)
	at org.openqa.selenium.remote.http.W3CHttpResponseCodec.createException(W3CHttpResponseCodec.java:187)
	at org.openqa.selenium.remote.http.W3CHttpResponseCodec.decode(W3CHttpResponseCodec.java:122)
	at org.openqa.selenium.remote.http.W3CHttpResponseCodec.decode(W3CHttpResponseCodec.java:49)
	at org.openqa.selenium.remote.HttpCommandExecutor.execute(HttpCommandExecutor.java:158)
	at org.openqa.selenium.remote.service.DriverCommandExecutor.execute(DriverCommandExecutor.java:83)
	at org.openqa.selenium.remote.RemoteWebDriver.execute(RemoteWebDriver.java:552)
	at org.openqa.selenium.remote.RemoteWebDriver.findElement(RemoteWebDriver.java:323)
	at org.openqa.selenium.remote.RemoteWebDriver.findElementByClassName(RemoteWebDriver.java:412)
	at org.openqa.selenium.By$ByClassName.findElement(By.java:389)
	at org.openqa.selenium.remote.RemoteWebDriver.findElement(RemoteWebDriver.java:315)
	at TestNGSessions.TEKsystemsTitleTest.tekLogoTest(TEKsystemsTitleTest.java:41)
	at java.base/jdk.internal.reflect.NativeMethodAccessorImpl.invoke0(Native Method)
	at java.base/jdk.internal.reflect.NativeMethodAccessorImpl.invoke(NativeMethodAccessorImpl.java:64)
	at java.base/jdk.internal.reflect.DelegatingMethodAccessorImpl.invoke(DelegatingMethodAccessorImpl.java:43)
	at java.base/java.lang.reflect.Method.invoke(Method.java:564)
	at org.testng.internal.MethodInvocationHelper.invokeMethod(MethodInvocationHelper.java:124)
	at org.testng.internal.Invoker.invokeMethod(Invoker.java:583)
	at org.testng.internal.Invoker.invokeTestMethod(Invoker.java:719)
	at org.testng.internal.Invoker.invokeTestMethods(Invoker.java:989)
	at org.testng.internal.TestMethodWorker.invokeTestMethods(TestMethodWorker.java:125)
	at org.testng.internal.TestMethodWorker.run(TestMethodWorker.java:109)
	at org.testng.TestRunner.privateRun(TestRunner.java:648)
	at org.testng.TestRunner.run(TestRunner.java:505)
	at org.testng.SuiteRunner.runTest(SuiteRunner.java:455)
	at org.testng.SuiteRunner.runSequentially(SuiteRunner.java:450)
	at org.testng.SuiteRunner.privateRun(SuiteRunner.java:415)
	at org.testng.SuiteRunner.run(SuiteRunner.java:364)
	at org.testng.SuiteRunnerWorker.runSuite(SuiteRunnerWorker.java:52)
	at org.testng.SuiteRunnerWorker.run(SuiteRunnerWorker.java:84)
	at org.testng.TestNG.runSuitesSequentially(TestNG.java:1208)
	at org.testng.TestNG.runSuitesLocally(TestNG.java:1137)
	at org.testng.TestNG.runSuites(TestNG.java:1049)
	at org.testng.TestNG.run(TestNG.java:1017)
	at org.testng.remote.AbstractRemoteTestNG.run(AbstractRemoteTestNG.java:115)
	at org.testng.remote.RemoteTestNG.initAndRun(RemoteTestNG.java:251)
	at org.testng.remote.RemoteTestNG.main(RemoteTestNG.java:77)
</pre></div></td>
<td>30</td>
<td>TestNGSessions.TEKsystemsTitleTest@740773a3</td></tr>
</table><p>
<table width='100%' border='1' class='invocation-passed'>
<tr><td colspan='4' align='center'><b>PASSED TESTS</b></td></tr>
<tr><td><b>Test method</b></td>
<td width="30%"><b>Exception</b></td>
<td width="10%"><b>Time (seconds)</b></td>
<td><b>Instance</b></td>
</tr>
<tr>
<td title='TestNGSessions.TestNGBasics.createuserTest()'><b>createuserTest</b><br>Test class: TestNGSessions.TestNGBasics</td>
<td></td>
<td>0</td>
<td>TestNGSessions.TestNGBasics@3e96bacf</td></tr>
<tr>
<td title='TestNGSessions.PriorityExecution.fifthTest()'><b>fifthTest</b><br>Test class: TestNGSessions.PriorityExecution</td>
<td></td>
<td>0</td>
<td>TestNGSessions.PriorityExecution@7c83dc97</td></tr>
<tr>
<td title='TestNGSessions.PriorityExecution.firstTest()'><b>firstTest</b><br>Test class: TestNGSessions.PriorityExecution</td>
<td></td>
<td>0</td>
<td>TestNGSessions.PriorityExecution@7c83dc97</td></tr>
<tr>
<td title='TestNGSessions.DependsOnMethod.registerationTest()'><b>registerationTest</b><br>Test class: TestNGSessions.DependsOnMethod</td>
<td></td>
<td>0</td>
<td>TestNGSessions.DependsOnMethod@484970b0</td></tr>
<tr>
<td title='TestNGSessions.PriorityExecution.secondTest()'><b>secondTest</b><br>Test class: TestNGSessions.PriorityExecution</td>
<td></td>
<td>0</td>
<td>TestNGSessions.PriorityExecution@7c83dc97</td></tr>
<tr>
<td title='TestNGSessions.InvocationCount.signUp()'><b>signUp</b><br>Test class: TestNGSessions.InvocationCount</td>
<td></td>
<td>0</td>
<td>TestNGSessions.InvocationCount@4470f8a6</td></tr>
<tr>
<td title='TestNGSessions.InvocationCount.signUp()'><b>signUp</b><br>Test class: TestNGSessions.InvocationCount</td>
<td></td>
<td>0</td>
<td>TestNGSessions.InvocationCount@4470f8a6</td></tr>
<tr>
<td title='TestNGSessions.InvocationCount.signUp()'><b>signUp</b><br>Test class: TestNGSessions.InvocationCount</td>
<td></td>
<td>0</td>
<td>TestNGSessions.InvocationCount@4470f8a6</td></tr>
<tr>
<td title='TestNGSessions.InvocationCount.signUp()'><b>signUp</b><br>Test class: TestNGSessions.InvocationCount</td>
<td></td>
<td>0</td>
<td>TestNGSessions.InvocationCount@4470f8a6</td></tr>
<tr>
<td title='TestNGSessions.InvocationCount.signUp()'><b>signUp</b><br>Test class: TestNGSessions.InvocationCount</td>
<td></td>
<td>0</td>
<td>TestNGSessions.InvocationCount@4470f8a6</td></tr>
<tr>
<td title='TestNGSessions.InvocationCount.signUp()'><b>signUp</b><br>Test class: TestNGSessions.InvocationCount</td>
<td></td>
<td>0</td>
<td>TestNGSessions.InvocationCount@4470f8a6</td></tr>
<tr>
<td title='TestNGSessions.InvocationCount.signUp()'><b>signUp</b><br>Test class: TestNGSessions.InvocationCount</td>
<td></td>
<td>0</td>
<td>TestNGSessions.InvocationCount@4470f8a6</td></tr>
<tr>
<td title='TestNGSessions.InvocationCount.signUp()'><b>signUp</b><br>Test class: TestNGSessions.InvocationCount</td>
<td></td>
<td>0</td>
<td>TestNGSessions.InvocationCount@4470f8a6</td></tr>
<tr>
<td title='TestNGSessions.InvocationCount.signUp()'><b>signUp</b><br>Test class: TestNGSessions.InvocationCount</td>
<td></td>
<td>0</td>
<td>TestNGSessions.InvocationCount@4470f8a6</td></tr>
<tr>
<td title='TestNGSessions.InvocationCount.signUp()'><b>signUp</b><br>Test class: TestNGSessions.InvocationCount</td>
<td></td>
<td>0</td>
<td>TestNGSessions.InvocationCount@4470f8a6</td></tr>
<tr>
<td title='TestNGSessions.DependsOnMethod.signUpTest()'><b>signUpTest</b><br>Test class: TestNGSessions.DependsOnMethod</td>
<td></td>
<td>0</td>
<td>TestNGSessions.DependsOnMethod@484970b0</td></tr>
<tr>
<td title='TestNGSessions.TEKsystemsTitleTest.tekTitleTest()'><b>tekTitleTest</b><br>Test class: TestNGSessions.TEKsystemsTitleTest</td>
<td></td>
<td>0</td>
<td>TestNGSessions.TEKsystemsTitleTest@740773a3</td></tr>
<tr>
<td title='TestNGSessions.PriorityExecution.thirdTest()'><b>thirdTest</b><br>Test class: TestNGSessions.PriorityExecution</td>
<td></td>
<td>0</td>
<td>TestNGSessions.PriorityExecution@7c83dc97</td></tr>
<tr>
<td title='TestNGSessions.DependsOnMethod.verificationTest()'><b>verificationTest</b><br>Test class: TestNGSessions.DependsOnMethod</td>
<td></td>
<td>0</td>
<td>TestNGSessions.DependsOnMethod@484970b0</td></tr>
<tr>
<td title='TestNGSessions.TestNGBasics.verifyUserdeactivatedTest()'><b>verifyUserdeactivatedTest</b><br>Test class: TestNGSessions.TestNGBasics</td>
<td></td>
<td>0</td>
<td>TestNGSessions.TestNGBasics@3e96bacf</td></tr>
</table><p>
</body>
</html>