<?xml version="1.0" encoding="UTF-8"?>
<!-- Generated by org.testng.reporters.JUnitXMLReporter -->
<testsuite ignored="0" hostname="AGC02S87JLG8WN" failures="2" tests="22" name="Running test suite" time="38.937" errors="0" timestamp="31 May 2021 13:53:15 GMT">
  <testcase classname="TestNGSessions.PriorityExecution" name="firstTest" time="0.004"/>
  <testcase classname="TestNGSessions.DependsOnMethod" name="signUpTest" time="0.001"/>
  <testcase classname="TestNGSessions.DependsOnMethod" name="registerationTest" time="0.001"/>
  <testcase classname="TestNGSessions.DependsOnMethod" name="verificationTest" time="0.0"/>
  <testcase classname="TestNGSessions.InvocationCount" name="signUp" time="0.0"/>
  <testcase classname="TestNGSessions.InvocationCount" name="signUp" time="0.001"/>
  <testcase classname="TestNGSessions.InvocationCount" name="signUp" time="0.001"/>
  <testcase classname="TestNGSessions.InvocationCount" name="signUp" time="0.0"/>
  <testcase classname="TestNGSessions.InvocationCount" name="signUp" time="0.001"/>
  <testcase classname="TestNGSessions.InvocationCount" name="signUp" time="0.0"/>
  <testcase classname="TestNGSessions.InvocationCount" name="signUp" time="0.0"/>
  <testcase classname="TestNGSessions.InvocationCount" name="signUp" time="0.001"/>
  <testcase classname="TestNGSessions.InvocationCount" name="signUp" time="0.001"/>
  <testcase classname="TestNGSessions.InvocationCount" name="signUp" time="0.001"/>
  <testcase classname="TestNGSessions.PriorityExecution" name="secondTest" time="0.001"/>
  <testcase classname="TestNGSessions.PriorityExecution" name="thirdTest" time="0.0"/>
  <testcase classname="TestNGSessions.TEKsystemsTitleTest" name="tekLogoTest" time="30.098">
    <failure type="org.openqa.selenium.NoSuchElementException" message="no such element: Unable to locate element: {&amp;quot;method&amp;quot;:&amp;quot;css selector&amp;quot;,&amp;quot;selector&amp;quot;:&amp;quot;.navbar\-brands&amp;quot;}
  (Session info: chrome=90.0.4430.212)
For documentation on this error, please visit: https://www.seleniumhq.org/exceptions/no_such_element.html
Build info: version: &amp;apos;3.141.59&amp;apos;, revision: &amp;apos;e82be7d358&amp;apos;, time: &amp;apos;2018-11-14T08:17:03&amp;apos;
System info: host: &amp;apos;AGC02S87JLG8WN&amp;apos;, ip: &amp;apos;fe80:0:0:0:84c:d715:a1fa:b0d7%en0&amp;apos;, os.name: &amp;apos;Mac OS X&amp;apos;, os.arch: &amp;apos;x86_64&amp;apos;, os.version: &amp;apos;10.16&amp;apos;, java.version: &amp;apos;15.0.2&amp;apos;
Driver info: org.openqa.selenium.chrome.ChromeDriver
Capabilities {acceptInsecureCerts: false, browserName: chrome, browserVersion: 90.0.4430.212, chrome: {chromedriverVersion: 90.0.4430.24 (4c6d850f087da..., userDataDir: /var/folders/9d/w9xwj7n516n...}, goog:chromeOptions: {debuggerAddress: localhost:58564}, javascriptEnabled: true, networkConnectionEnabled: false, pageLoadStrategy: normal, platform: MAC, platformName: MAC, proxy: Proxy(), setWindowRect: true, strictFileInteractability: false, timeouts: {implicit: 0, pageLoad: 300000, script: 30000}, unhandledPromptBehavior: dismiss and notify, webauthn:extension:largeBlob: true, webauthn:virtualAuthenticators: true}
Session ID: 5c603b91ca1052b5c0c0d8ec1d2539f0
*** Element info: {Using=class name, value=navbar-brands}">
      <![CDATA[org.openqa.selenium.NoSuchElementException: no such element: Unable to locate element: {"method":"css selector","selector":".navbar\-brands"}
  (Session info: chrome=90.0.4430.212)
For documentation on this error, please visit: https://www.seleniumhq.org/exceptions/no_such_element.html
Build info: version: '3.141.59', revision: 'e82be7d358', time: '2018-11-14T08:17:03'
System info: host: 'AGC02S87JLG8WN', ip: 'fe80:0:0:0:84c:d715:a1fa:b0d7%en0', os.name: 'Mac OS X', os.arch: 'x86_64', os.version: '10.16', java.version: '15.0.2'
Driver info: org.openqa.selenium.chrome.ChromeDriver
Capabilities {acceptInsecureCerts: false, browserName: chrome, browserVersion: 90.0.4430.212, chrome: {chromedriverVersion: 90.0.4430.24 (4c6d850f087da..., userDataDir: /var/folders/9d/w9xwj7n516n...}, goog:chromeOptions: {debuggerAddress: localhost:58564}, javascriptEnabled: true, networkConnectionEnabled: false, pageLoadStrategy: normal, platform: MAC, platformName: MAC, proxy: Proxy(), setWindowRect: true, strictFileInteractability: false, timeouts: {implicit: 0, pageLoad: 300000, script: 30000}, unhandledPromptBehavior: dismiss and notify, webauthn:extension:largeBlob: true, webauthn:virtualAuthenticators: true}
Session ID: 5c603b91ca1052b5c0c0d8ec1d2539f0
*** Element info: {Using=class name, value=navbar-brands}
at org.openqa.selenium.remote.http.W3CHttpResponseCodec.createException(W3CHttpResponseCodec.java:187)
at org.openqa.selenium.remote.http.W3CHttpResponseCodec.decode(W3CHttpResponseCodec.java:122)
at org.openqa.selenium.remote.http.W3CHttpResponseCodec.decode(W3CHttpResponseCodec.java:49)
at org.openqa.selenium.remote.HttpCommandExecutor.execute(HttpCommandExecutor.java:158)
at org.openqa.selenium.remote.service.DriverCommandExecutor.execute(DriverCommandExecutor.java:83)
at org.openqa.selenium.remote.RemoteWebDriver.execute(RemoteWebDriver.java:552)
at org.openqa.selenium.remote.RemoteWebDriver.findElement(RemoteWebDriver.java:323)
at org.openqa.selenium.remote.RemoteWebDriver.findElementByClassName(RemoteWebDriver.java:412)
at org.openqa.selenium.By$ByClassName.findElement(By.java:389)
at org.openqa.selenium.remote.RemoteWebDriver.findElement(RemoteWebDriver.java:315)
at TestNGSessions.TEKsystemsTitleTest.tekLogoTest(TEKsystemsTitleTest.java:41)
... Removed 30 stack frames]]>
    </failure>
  </testcase> <!-- tekLogoTest -->
  <testcase classname="TestNGSessions.TEKsystemsTitleTest" name="tekTitleTest" time="0.07"/>
  <testcase classname="TestNGSessions.TestNGBasics" name="createuserTest" time="0.001"/>
  <testcase classname="TestNGSessions.TestNGBasics" name="getTitleTest" time="0.001">
    <failure type="java.lang.ArithmeticException" message="/ by zero">
      <![CDATA[java.lang.ArithmeticException: / by zero
at TestNGSessions.TestNGBasics.getTitleTest(TestNGBasics.java:84)
... Removed 25 stack frames]]>
    </failure>
  </testcase> <!-- getTitleTest -->
  <testcase classname="TestNGSessions.TestNGBasics" name="verifyUserdeactivatedTest" time="0.0"/>
  <testcase classname="TestNGSessions.PriorityExecution" name="fifthTest" time="0.001"/>
</testsuite> <!-- Running test suite -->
